2025-12-18 00:48:50 [MATING RITUAL] NARRATOR        | --- PART I: THE KNOCK AT THE GATE ---
2025-12-18 00:48:50 [MATING RITUAL] Client          | Approaches the Login Service | Identity: Test User, Viewer: 1.0.0
2025-12-18 00:48:51 [MATING RITUAL] Server          | Validates Credentials | Identity Confirmed
2025-12-18 00:48:51 [MATING RITUAL] Server          | Prepares the Circuit | CircuitCode: 882763467, Region: Default Region
2025-12-18 00:48:51 [MATING RITUAL] Server          | Grants Entry | Sending Login Response containing Circuit Code and Region Info
2025-12-18 00:48:51 [MATING RITUAL] NARRATOR        | --- PART II: THE HANDSHAKE ---
2025-12-18 00:48:51 [MATING RITUAL] Client          | Initiates UDP Connection | CircuitCode: 882763467
2025-12-18 00:48:51 [MATING RITUAL] NARRATOR        | --- PART III: THE REVELATION ---
2025-12-18 00:48:51 [MATING RITUAL] Server          | Extends Hand (Region Handshake) | Welcome to Default Region
2025-12-18 00:48:51 [MATING RITUAL] NARRATOR        | --- PART IV: THE MATERIALIZATION ---
2025-12-18 00:48:51 [MATING RITUAL] Server          | Places Avatar in World | Position: <128, 128, 26.033852>, LookAt: <0.99, 0.042, 0>
2025-12-18 07:07:52 [MATING RITUAL] NARRATOR        | --- PART I: THE KNOCK AT THE GATE ---
2025-12-18 07:07:52 [MATING RITUAL] Client          | Approaches the Login Service | Identity: Test User, Viewer: 1.0.0
2025-12-18 07:07:53 [MATING RITUAL] Server          | Validates Credentials | Identity Confirmed
2025-12-18 07:07:53 [MATING RITUAL] Server          | Prepares the Circuit | CircuitCode: 812926529, Region: Default Region
2025-12-18 07:07:53 [MATING RITUAL] Server          | Grants Entry | Sending Login Response containing Circuit Code and Region Info
2025-12-18 07:07:53 [MATING RITUAL] NARRATOR        | --- PART II: THE HANDSHAKE ---
2025-12-18 07:07:53 [MATING RITUAL] Client          | Initiates UDP Connection | CircuitCode: 812926529
2025-12-18 07:07:53 [MATING RITUAL] NARRATOR        | --- PART III: THE REVELATION ---
2025-12-18 07:07:53 [MATING RITUAL] Server          | Extends Hand (Region Handshake) | Welcome to Default Region
2025-12-18 07:07:53 [MATING RITUAL] NARRATOR        | --- PART IV: THE MATERIALIZATION ---
2025-12-18 07:07:53 [MATING RITUAL] Server          | Places Avatar in World | Position: <128, 128, 26.034159>, LookAt: <0.99, 0.042, 0>
2025-12-18 07:09:54.555 [MATING RITUAL] [CLIENT] [LOGIN] START | URI: http://localhost:9000/, User: Test User
2025-12-18 07:09:54 [MATING RITUAL] NARRATOR        | --- PART I: THE KNOCK AT THE GATE ---
2025-12-18 07:09:54 [MATING RITUAL] Client          | Approaches the Login Service | Identity: Test User, Viewer: 1.0.0
2025-12-18 07:09:54 [MATING RITUAL] Server          | Validates Credentials | Identity Confirmed
2025-12-18 07:09:54 [MATING RITUAL] Server          | Prepares the Circuit | CircuitCode: 1061726837, Region: Default Region
2025-12-18 07:09:54 [MATING RITUAL] Server          | Grants Entry | Sending Login Response containing Circuit Code and Region Info
2025-12-18 07:09:54.818 [MATING RITUAL] [CLIENT] [LOGIN] PROGRESS ConnectingToSim | Connecting to simulator...
2025-12-18 07:09:54 [MATING RITUAL] NARRATOR        | --- PART II: THE HANDSHAKE ---
2025-12-18 07:09:54 [MATING RITUAL] Client          | Initiates UDP Connection | CircuitCode: 1061726837
2025-12-18 07:09:54 [MATING RITUAL] NARRATOR        | --- PART III: THE REVELATION ---
2025-12-18 07:09:54 [MATING RITUAL] Server          | Extends Hand (Region Handshake) | Welcome to Default Region
2025-12-18 07:09:54 [MATING RITUAL] NARRATOR        | --- PART IV: THE MATERIALIZATION ---
2025-12-18 07:09:54 [MATING RITUAL] Server          | Places Avatar in World | Position: <128, 128, 26.03416>, LookAt: <0.99, 0.042, 0>
2025-12-18 07:09:54.928 [MATING RITUAL] [CLIENT] [UDP] RECV RegionHandshake | Size: 276
2025-12-18 07:09:54.944 [MATING RITUAL] [CLIENT] [UDP] CONNECTED | Sim: Default Region, IP: 192.168.0.2:9000
2025-12-18 07:09:54.945 [MATING RITUAL] [CLIENT] [LOGIN] SUCCESS | Agent: 02a100be-f332-4290-b60d-d8fee37d86a2
2025-12-18 07:09:54.949 [MATING RITUAL] [CLIENT] [LOGIN] PROGRESS Success | Welcome, Avatar!
2025-12-18 07:09:54.966 [MATING RITUAL] [CLIENT] [UDP] RECV ObjectUpdate | Size: 322
2025-12-18 07:09:54.985 [MATING RITUAL] [CLIENT] [CAPS] EQ RUNNING | Sim: Default Region
2025-12-18 07:09:55.038 [MATING RITUAL] [CLIENT] [UDP] RECV LayerData | Size: 713
2025-12-18 07:09:55.138 [MATING RITUAL] [CLIENT] [UDP] RECV LayerData | Size: 923
2025-12-18 07:09:55.184 [MATING RITUAL] [CLIENT] [UDP] RECV LayerData | Size: 944
2025-12-18 07:09:55.230 [MATING RITUAL] [CLIENT] [UDP] RECV LayerData | Size: 912
2025-12-18 07:09:55.277 [MATING RITUAL] [CLIENT] [UDP] RECV LayerData | Size: 940
2025-12-18 07:09:55.321 [MATING RITUAL] [CLIENT] [UDP] RECV LayerData | Size: 904
2025-12-18 07:09:55.367 [MATING RITUAL] [CLIENT] [UDP] RECV LayerData | Size: 963
2025-12-18 07:09:55.413 [MATING RITUAL] [CLIENT] [UDP] RECV LayerData | Size: 904
2025-12-18 07:09:55.458 [MATING RITUAL] [CLIENT] [UDP] RECV LayerData | Size: 904
2025-12-18 07:09:55.504 [MATING RITUAL] [CLIENT] [UDP] RECV LayerData | Size: 906
2025-12-18 07:09:55.550 [MATING RITUAL] [CLIENT] [UDP] RECV LayerData | Size: 908
2025-12-18 07:09:55.596 [MATING RITUAL] [CLIENT] [UDP] RECV LayerData | Size: 273
2025-12-18 07:09:55.611 [MATING RITUAL] [CLIENT] [UDP] RECV LayerData | Size: 551
2025-12-18 07:09:59.946 [MATING RITUAL] [CLIENT] [LOGOUT] INITIATE
2025-12-18 07:17:08.683 [MATING RITUAL] [CLIENT] [LOGIN] START | URI: http://localhost:9000/, User: Test User
2025-12-18 07:17:09.060 [MATING RITUAL] [SERVER] [LOGIN] RECV XML-RPC login_to_simulator | User: Test User, Viewer: 1.0.0, Channel: OmvTestHarness, IP: 127.0.0.1:57706
2025-12-18 07:17:09.131 [MATING RITUAL] [SERVER] [LOGIN] AUTH SUCCESS | User: Test User
2025-12-18 07:17:09.305 [MATING RITUAL] [SERVER] [LOGIN] CIRCUIT PROVISION | Circuit: 473293782, Region: Default Region
2025-12-18 07:17:09.354 [MATING RITUAL] [SERVER] [LOGIN] SEND XML-RPC Response | Success
2025-12-18 07:17:09.479 [MATING RITUAL] [CLIENT] [LOGIN] PROGRESS ConnectingToSim | Connecting to simulator...
2025-12-18 07:17:09.653 [MATING RITUAL] [SERVER] [UDP] RECV UseCircuitCode | CircuitCode: 473293782, Session: 19d83417-3dc6-4dd7-b6df-d55afff6d84d
2025-12-18 07:17:09.975 [MATING RITUAL] [SERVER] [UDP] SEND RegionHandshake | Region: Default Region
2025-12-18 07:17:09.994 [MATING RITUAL] [SERVER] [UDP] SEND AgentMovementComplete | Pos: <128, 128, 26.03416>, Look: <0.99, 0.042, 0>
2025-12-18 07:17:10.010 [MATING RITUAL] [CLIENT] [UDP] RECV RegionHandshake | Size: 276
2025-12-18 07:17:10.051 [MATING RITUAL] [CLIENT] [UDP] CONNECTED | Sim: Default Region, IP: 192.168.0.2:9000
2025-12-18 07:17:10.054 [MATING RITUAL] [CLIENT] [LOGIN] SUCCESS | Agent: 02a100be-f332-4290-b60d-d8fee37d86a2
2025-12-18 07:17:10.065 [MATING RITUAL] [CLIENT] [LOGIN] PROGRESS Success | Welcome, Avatar!
2025-12-18 07:17:10.151 [MATING RITUAL] [CLIENT] [CAPS] EQ RUNNING | Sim: Default Region
2025-12-18 07:17:10.161 [MATING RITUAL] [CLIENT] [UDP] RECV ObjectUpdate | Size: 322
2025-12-18 07:17:10.407 [MATING RITUAL] [CLIENT] [UDP] RECV LayerData | Size: 923
2025-12-18 07:17:10.450 [MATING RITUAL] [CLIENT] [UDP] RECV LayerData | Size: 944
2025-12-18 07:17:10.496 [MATING RITUAL] [CLIENT] [UDP] RECV LayerData | Size: 912
2025-12-18 07:17:10.542 [MATING RITUAL] [CLIENT] [UDP] RECV LayerData | Size: 940
2025-12-18 07:17:10.588 [MATING RITUAL] [CLIENT] [UDP] RECV LayerData | Size: 904
2025-12-18 07:17:10.634 [MATING RITUAL] [CLIENT] [UDP] RECV LayerData | Size: 963
2025-12-18 07:17:10.680 [MATING RITUAL] [CLIENT] [UDP] RECV LayerData | Size: 904
2025-12-18 07:17:10.726 [MATING RITUAL] [CLIENT] [UDP] RECV LayerData | Size: 904
2025-12-18 07:17:10.772 [MATING RITUAL] [CLIENT] [UDP] RECV LayerData | Size: 906
2025-12-18 07:17:10.818 [MATING RITUAL] [CLIENT] [UDP] RECV LayerData | Size: 908
2025-12-18 07:17:10.864 [MATING RITUAL] [CLIENT] [UDP] RECV LayerData | Size: 273
2025-12-18 07:17:10.879 [MATING RITUAL] [CLIENT] [UDP] RECV LayerData | Size: 551
2025-12-18 07:17:15.055 [MATING RITUAL] [CLIENT] [LOGOUT] INITIATE
